<wps:Capabilities
	xmlns:xs="http://www.w3.org/2001/XMLSchema"
	xmlns:ows="http://www.opengis.net/ows/1.1"
	xmlns:wps="http://www.opengis.net/wps/1.0.0"
	xmlns:xlink="http://www.w3.org/1999/xlink"
	xmlns:xsi="http://www.w3.org/2001/XMLSchema-instance" xml:lang="en"
	service="WPS" version="1.0.0"
	xsi:schemaLocation="http://www.opengis.net/wps/1.0.0 http://schemas.opengis.net/wps/1.0.0/wpsAll.xsd">
	<ows:ServiceIdentification>
		<ows:Title>Test WPS</ows:Title>
		<ows:Abstract />
		<ows:ServiceType>WPS</ows:ServiceType>
		<ows:ServiceTypeVersion>1.0.0</ows:ServiceTypeVersion>
	</ows:ServiceIdentification>
	<ows:ServiceProvider>
		<ows:ProviderName>Test</ows:ProviderName>
		<ows:ProviderSite />
		<ows:ServiceContact />
	</ows:ServiceProvider>
	<ows:OperationsMetadata>
		<ows:Operation name="GetCapabilities">
			<ows:DCP>
				<ows:HTTP>
					<ows:Get
						xlink:href="http://localhost/wps" />
					<ows:Post
						xlink:href="http://localhost/wps" />
				</ows:HTTP>
			</ows:DCP>
		</ows:Operation>
		<ows:Operation name="DescribeProcess">
			<ows:DCP>
				<ows:HTTP>
					<ows:Get
						xlink:href="http://localhost/wps" />
					<ows:Post
						xlink:href="http://localhost/wps" />
				</ows:HTTP>
			</ows:DCP>
		</ows:Operation>
		<ows:Operation name="Execute">
			<ows:DCP>
				<ows:HTTP>
					<ows:Get
						xlink:href="http://localhost/wps" />
					<ows:Post
						xlink:href="http://localhost/wps" />
				</ows:HTTP>
			</ows:DCP>
		</ows:Operation>
	</ows:OperationsMetadata>
	<wps:ProcessOfferings>
		<wps:Process wps:processVersion="1.0.0">
			<ows:Identifier>JTS:buffer</ows:Identifier>
			<ows:Title>Buffer</ows:Title>
			<ows:Abstract>
				Returns a polygonal geometry representing the input geometry enlarged by a
				given distance around its exterior.
			</ows:Abstract>
		</wps:Process>
	</wps:ProcessOfferings>
	<wps:Languages>
		<wps:Default>
			<ows:Language>en-US</ows:Language>
		</wps:Default>
		<wps:Supported>
			<ows:Language>en-US</ows:Language>
		</wps:Supported>
	</wps:Languages>
</wps:Capabilities>